Namespace(activation='relu', epochs=100, hid_feats=100, k=10, latent_feats=20, lr1=0.01, lr2=0.01, mod1_feat_size=100, mod2_feat_size=100, normalization='batch', num_decoder_layer=7, num_encoder_layer=7, num_gcn1_layer=7, num_gcn2_layer=7, num_mod1_layer=7, num_mod2_layer=7, out_mod1_feats=100, out_mod2_feats=100)
JointGCNAutoEncoder(
  (gcn1): GCNlayer(
    (gcn): ModuleList(
      (0): GraphConv(in=100, out=100, normalization=both, activation=None)
      (1): GraphConv(in=100, out=100, normalization=both, activation=None)
      (2): GraphConv(in=100, out=100, normalization=both, activation=None)
      (3): GraphConv(in=100, out=100, normalization=both, activation=None)
      (4): GraphConv(in=100, out=100, normalization=both, activation=None)
      (5): GraphConv(in=100, out=100, normalization=both, activation=None)
      (6): GraphConv(in=100, out=100, normalization=both, activation=None)
    )
    (gcn_acts): ModuleList(
      (0): ReLU()
      (1): ReLU()
      (2): ReLU()
      (3): ReLU()
      (4): ReLU()
      (5): ReLU()
      (6): ReLU()
    )
    (gcn_norm): ModuleList()
  )
  (gcn2): GCNlayer(
    (gcn): ModuleList(
      (0): GraphConv(in=100, out=100, normalization=both, activation=None)
      (1): GraphConv(in=100, out=100, normalization=both, activation=None)
      (2): GraphConv(in=100, out=100, normalization=both, activation=None)
      (3): GraphConv(in=100, out=100, normalization=both, activation=None)
      (4): GraphConv(in=100, out=100, normalization=both, activation=None)
      (5): GraphConv(in=100, out=100, normalization=both, activation=None)
      (6): GraphConv(in=100, out=100, normalization=both, activation=None)
    )
    (gcn_acts): ModuleList(
      (0): ReLU()
      (1): ReLU()
      (2): ReLU()
      (3): ReLU()
      (4): ReLU()
      (5): ReLU()
      (6): ReLU()
    )
    (gcn_norm): ModuleList()
  )
  (hid_encoder): HiddenEncoder(
    (hid_encoder): ModuleList(
      (0): Linear(in_features=100, out_features=100, bias=True)
      (1): Linear(in_features=100, out_features=100, bias=True)
      (2): Linear(in_features=100, out_features=100, bias=True)
      (3): Linear(in_features=100, out_features=100, bias=True)
      (4): Linear(in_features=100, out_features=100, bias=True)
      (5): Linear(in_features=100, out_features=100, bias=True)
      (6): Linear(in_features=100, out_features=20, bias=True)
    )
    (encoder_acts): ModuleList(
      (0): ReLU()
      (1): ReLU()
      (2): ReLU()
      (3): ReLU()
      (4): ReLU()
      (5): ReLU()
      (6): ReLU()
    )
    (encoder_norm): ModuleList(
      (0): BatchNorm1d(100, eps=1e-05, momentum=0.1, affine=True, track_running_stats=True)
      (1): BatchNorm1d(100, eps=1e-05, momentum=0.1, affine=True, track_running_stats=True)
      (2): BatchNorm1d(100, eps=1e-05, momentum=0.1, affine=True, track_running_stats=True)
      (3): BatchNorm1d(100, eps=1e-05, momentum=0.1, affine=True, track_running_stats=True)
      (4): BatchNorm1d(100, eps=1e-05, momentum=0.1, affine=True, track_running_stats=True)
      (5): BatchNorm1d(100, eps=1e-05, momentum=0.1, affine=True, track_running_stats=True)
      (6): BatchNorm1d(20, eps=1e-05, momentum=0.1, affine=True, track_running_stats=True)
    )
  )
  (hid_decoder): HiddenDecoder(
    (hid_decoder): ModuleList(
      (0): Linear(in_features=20, out_features=100, bias=True)
      (1): Linear(in_features=100, out_features=100, bias=True)
      (2): Linear(in_features=100, out_features=100, bias=True)
      (3): Linear(in_features=100, out_features=100, bias=True)
      (4): Linear(in_features=100, out_features=100, bias=True)
      (5): Linear(in_features=100, out_features=100, bias=True)
      (6): Linear(in_features=100, out_features=100, bias=True)
    )
    (decoder_acts): ModuleList(
      (0): ReLU()
      (1): ReLU()
      (2): ReLU()
      (3): ReLU()
      (4): ReLU()
      (5): ReLU()
      (6): ReLU()
    )
    (decoder_norm): ModuleList(
      (0): BatchNorm1d(100, eps=1e-05, momentum=0.1, affine=True, track_running_stats=True)
      (1): BatchNorm1d(100, eps=1e-05, momentum=0.1, affine=True, track_running_stats=True)
      (2): BatchNorm1d(100, eps=1e-05, momentum=0.1, affine=True, track_running_stats=True)
      (3): BatchNorm1d(100, eps=1e-05, momentum=0.1, affine=True, track_running_stats=True)
      (4): BatchNorm1d(100, eps=1e-05, momentum=0.1, affine=True, track_running_stats=True)
      (5): BatchNorm1d(100, eps=1e-05, momentum=0.1, affine=True, track_running_stats=True)
      (6): BatchNorm1d(100, eps=1e-05, momentum=0.1, affine=True, track_running_stats=True)
    )
  )
  (mod1_decoder): ModalityDecoder(
    (mod_decoder): ModuleList(
      (0): Linear(in_features=100, out_features=100, bias=True)
      (1): Linear(in_features=100, out_features=100, bias=True)
      (2): Linear(in_features=100, out_features=100, bias=True)
      (3): Linear(in_features=100, out_features=100, bias=True)
      (4): Linear(in_features=100, out_features=100, bias=True)
      (5): Linear(in_features=100, out_features=100, bias=True)
      (6): Linear(in_features=100, out_features=100, bias=True)
    )
    (mod_acts): ModuleList(
      (0): ReLU()
      (1): ReLU()
      (2): ReLU()
      (3): ReLU()
      (4): ReLU()
      (5): ReLU()
      (6): ReLU()
    )
    (mod_norm): ModuleList(
      (0): BatchNorm1d(100, eps=1e-05, momentum=0.1, affine=True, track_running_stats=True)
      (1): BatchNorm1d(100, eps=1e-05, momentum=0.1, affine=True, track_running_stats=True)
      (2): BatchNorm1d(100, eps=1e-05, momentum=0.1, affine=True, track_running_stats=True)
      (3): BatchNorm1d(100, eps=1e-05, momentum=0.1, affine=True, track_running_stats=True)
      (4): BatchNorm1d(100, eps=1e-05, momentum=0.1, affine=True, track_running_stats=True)
      (5): BatchNorm1d(100, eps=1e-05, momentum=0.1, affine=True, track_running_stats=True)
      (6): BatchNorm1d(100, eps=1e-05, momentum=0.1, affine=True, track_running_stats=True)
    )
  )
  (mod2_decoder): ModalityDecoder(
    (mod_decoder): ModuleList(
      (0): Linear(in_features=100, out_features=100, bias=True)
      (1): Linear(in_features=100, out_features=100, bias=True)
      (2): Linear(in_features=100, out_features=100, bias=True)
      (3): Linear(in_features=100, out_features=100, bias=True)
      (4): Linear(in_features=100, out_features=100, bias=True)
      (5): Linear(in_features=100, out_features=100, bias=True)
      (6): Linear(in_features=100, out_features=100, bias=True)
    )
    (mod_acts): ModuleList(
      (0): ReLU()
      (1): ReLU()
      (2): ReLU()
      (3): ReLU()
      (4): ReLU()
      (5): ReLU()
      (6): ReLU()
    )
    (mod_norm): ModuleList(
      (0): BatchNorm1d(100, eps=1e-05, momentum=0.1, affine=True, track_running_stats=True)
      (1): BatchNorm1d(100, eps=1e-05, momentum=0.1, affine=True, track_running_stats=True)
      (2): BatchNorm1d(100, eps=1e-05, momentum=0.1, affine=True, track_running_stats=True)
      (3): BatchNorm1d(100, eps=1e-05, momentum=0.1, affine=True, track_running_stats=True)
      (4): BatchNorm1d(100, eps=1e-05, momentum=0.1, affine=True, track_running_stats=True)
      (5): BatchNorm1d(100, eps=1e-05, momentum=0.1, affine=True, track_running_stats=True)
      (6): BatchNorm1d(100, eps=1e-05, momentum=0.1, affine=True, track_running_stats=True)
    )
  )
)
epoch:  0
training loss 1:  1.610567569732666
training loss 2:  39968292.0
validation loss 1:  1.46536123752594
validation loss 2:  39933748.0
rmse ADT to GEX:  7.147247314453125
rmse GEX to ADT:  4740.69970703125
epoch:  1
training loss 1:  1.463997483253479
training loss 2:  39967360.0
validation loss 1:  1.4371509552001953
validation loss 2:  39928008.0
rmse ADT to GEX:  7.147247314453125
rmse GEX to ADT:  4740.69970703125
epoch:  2
training loss 1:  1.324628233909607
training loss 2:  39965020.0
validation loss 1:  1.2928416728973389
validation loss 2:  39540488.0
rmse ADT to GEX:  7.147247314453125
rmse GEX to ADT:  4740.69970703125
epoch:  3
training loss 1:  1.1582006216049194
training loss 2:  39964168.0
validation loss 1:  1.0536518096923828
validation loss 2:  39828820.0
